Сборка начата 12.03.2019 15:22:32.
     1>Проект "C:\Users\User\Desktop\Лаба 1\MergeSortDLib\MergeSortDLib\MergeSortDLib.vcxproj" в узле 2 (целевые объекты Rebuild).
     1>ClCompile:
         C:\Program Files (x86)\Microsoft Visual Studio 11.0\VC\bin\CL.exe /c /ZI /nologo /W3 /WX- /Od /Oy- /D WIN32 /D _DEBUG /D _WINDOWS /D _USRDLL /D MERGESORTDLIB_EXPORTS /D _WINDLL /D _UNICODE /D UNICODE /Gm /EHsc /RTC1 /MDd /GS /fp:precise /Zc:wchar_t /Zc:forScope /Yc"stdafx.h" /Fp"Debug\MergeSortDLib.pch" /Fo"Debug\\" /Fd"Debug\vc110.pdb" /Gd /TP /analyze- /errorReport:prompt stdafx.cpp
         stdafx.cpp
         C:\Program Files (x86)\Microsoft Visual Studio 11.0\VC\bin\CL.exe /c /ZI /nologo /W3 /WX- /Od /Oy- /D WIN32 /D _DEBUG /D _WINDOWS /D _USRDLL /D MERGESORTDLIB_EXPORTS /D _WINDLL /D _UNICODE /D UNICODE /Gm /EHsc /RTC1 /MDd /GS /fp:precise /Zc:wchar_t /Zc:forScope /Fo"Debug\\" /Fd"Debug\vc110.pdb" /Gd /TP /analyze- /errorReport:prompt dllmain.cpp
         dllmain.cpp
         C:\Program Files (x86)\Microsoft Visual Studio 11.0\VC\bin\CL.exe /c /ZI /nologo /W3 /WX- /Od /Oy- /D WIN32 /D _DEBUG /D _WINDOWS /D _USRDLL /D MERGESORTDLIB_EXPORTS /D _WINDLL /D _UNICODE /D UNICODE /Gm /EHsc /RTC1 /MDd /GS /fp:precise /Zc:wchar_t /Zc:forScope /Yu"stdafx.h" /Fp"Debug\MergeSortDLib.pch" /Fo"Debug\\" /Fd"Debug\vc110.pdb" /Gd /TP /analyze- /errorReport:prompt MainDLib.cpp
         MainDLib.cpp
     1>c:\users\user\desktop\лаба 1\mergesortdlib\mergesortdlib\maindlib.cpp(18): warning C4018: <: несоответствие типов со знаком и без знака
     1>c:\users\user\desktop\лаба 1\mergesortdlib\mergesortdlib\maindlib.cpp(29): warning C4018: <: несоответствие типов со знаком и без знака
       Link:
         C:\Program Files (x86)\Microsoft Visual Studio 11.0\VC\bin\link.exe /ERRORREPORT:PROMPT /OUT:"C:\Users\User\Desktop\Лаба 1\MergeSortDLib\Debug\MergeSortDLib.dll" /INCREMENTAL /NOLOGO kernel32.lib user32.lib gdi32.lib winspool.lib comdlg32.lib advapi32.lib shell32.lib ole32.lib oleaut32.lib uuid.lib odbc32.lib odbccp32.lib /MANIFEST /MANIFESTUAC:"level='asInvoker' uiAccess='false'" /manifest:embed /DEBUG /PDB:"C:\Users\User\Desktop\Лаба 1\MergeSortDLib\Debug\MergeSortDLib.pdb" /SUBSYSTEM:WINDOWS /TLBID:1 /DYNAMICBASE /NXCOMPAT /IMPLIB:"C:\Users\User\Desktop\Лаба 1\MergeSortDLib\Debug\MergeSortDLib.lib" /MACHINE:X86 /DLL Debug\dllmain.obj
         Debug\MainDLib.obj
         Debug\stdafx.obj
            Создается библиотека C:\Users\User\Desktop\Лаба 1\MergeSortDLib\Debug\MergeSortDLib.lib и объект C:\Users\User\Desktop\Лаба 1\MergeSortDLib\Debug\MergeSortDLib.exp
         MergeSortDLib.vcxproj -> C:\Users\User\Desktop\Лаба 1\MergeSortDLib\Debug\MergeSortDLib.dll
     1>Построение проекта "C:\Users\User\Desktop\Лаба 1\MergeSortDLib\MergeSortDLib\MergeSortDLib.vcxproj" завершено (целевые объекты Rebuild).

Сборка успешно завершена.

Затраченное время: 00:00:01.56
